2022-05-19 18:05:952 INFO  ManageDriver :34 - Launching Chrome Browser
2022-05-19 18:05:392 INFO  ManageDriver :34 - Launching Chrome Browser
2022-05-19 18:05:930 INFO  ManageDriver :34 - Launching Chrome Browser
2022-05-19 18:05:569 INFO  ManageDriver :34 - Launching Chrome Browser
2022-05-19 18:05:449 INFO  ManageDriver :34 - Launching Chrome Browser
2022-05-19 18:05:250 INFO  ManageDriver :34 - Launching Chrome Browser
2022-05-19 18:05:40 INFO  ManageDriver :34 - Launching Chrome Browser
2022-05-19 18:05:160 INFO  ManageDriver :34 - Launching Chrome Browser
2022-05-19 18:05:556 INFO  ManageDriver :34 - Launching Chrome Browser
2022-05-19 18:05:976 INFO  ManageDriver :34 - Launching Chrome Browser
2022-05-19 18:05:474 INFO  ManageDriver :34 - Launching Chrome Browser
2022-05-19 19:05:977 INFO  ManageDriver :34 - Launching Chrome Browser
2022-05-19 19:05:168 INFO  ManageDriver :34 - Launching Chrome Browser
2022-05-19 19:05:630 INFO  ManageDriver :34 - Launching Chrome Browser
2022-05-19 19:05:02 INFO  ManageDriver :34 - Launching Chrome Browser
2022-05-19 19:05:544 INFO  ManageDriver :34 - Launching Chrome Browser
2022-05-19 19:05:44 INFO  ManageDriver :34 - Launching Chrome Browser
2022-05-19 19:05:266 INFO  ManageDriver :34 - Launching Chrome Browser
2022-05-19 19:05:414 INFO  ManageDriver :34 - Launching Chrome Browser
2022-05-19 20:05:634 INFO  ManageDriver :34 - Launching Chrome Browser
2022-05-19 20:05:104 INFO  ManageDriver :34 - Launching Chrome Browser
2022-05-19 20:05:182 INFO  ManageDriver :34 - Launching Chrome Browser
2022-05-19 20:05:823 INFO  ManageDriver :34 - Launching Chrome Browser
2022-05-19 20:05:41 INFO  ManageDriver :34 - Launching Chrome Browser
2022-05-19 20:05:506 INFO  ManageDriver :34 - Launching Chrome Browser
2022-05-19 20:05:435 INFO  ManageDriver :34 - Launching Chrome Browser
2022-05-19 20:05:654 WARN  HashedWheelTimer :672 - An exception was thrown by TimerTask.
java.lang.IllegalStateException: cannot be started once stopped
	at io.netty.util.HashedWheelTimer.start(HashedWheelTimer.java:338)
	at io.netty.util.HashedWheelTimer.newTimeout(HashedWheelTimer.java:413)
	at org.asynchttpclient.netty.channel.DefaultChannelPool.scheduleNewIdleChannelDetector(DefaultChannelPool.java:95)
	at org.asynchttpclient.netty.channel.DefaultChannelPool.access$900(DefaultChannelPool.java:43)
	at org.asynchttpclient.netty.channel.DefaultChannelPool$IdleChannelDetector.run(DefaultChannelPool.java:378)
	at io.netty.util.HashedWheelTimer$HashedWheelTimeout.expire(HashedWheelTimer.java:669)
	at io.netty.util.HashedWheelTimer$HashedWheelBucket.expireTimeouts(HashedWheelTimer.java:744)
	at io.netty.util.HashedWheelTimer$Worker.run(HashedWheelTimer.java:469)
	at io.netty.util.concurrent.FastThreadLocalRunnable.run(FastThreadLocalRunnable.java:30)
	at java.lang.Thread.run(Thread.java:745)
2022-05-19 20:05:443 INFO  ManageDriver :34 - Launching Chrome Browser
2022-05-19 20:05:498 INFO  ManageDriver :34 - Launching Chrome Browser
2022-05-19 20:05:738 INFO  ManageDriver :34 - Launching Chrome Browser
2022-05-19 20:05:638 INFO  ManageDriver :34 - Launching Chrome Browser
2022-05-19 20:05:728 INFO  ManageDriver :34 - Launching Chrome Browser
2022-05-19 20:05:248 INFO  ManageDriver :34 - Launching Chrome Browser
2022-05-19 20:05:80 INFO  ManageDriver :34 - Launching Chrome Browser
2022-05-19 20:05:650 INFO  ManageDriver :34 - Launching Chrome Browser
2022-05-19 20:05:65 INFO  ManageDriver :34 - Launching Chrome Browser
2022-05-19 20:05:180 INFO  ManageDriver :34 - Launching Chrome Browser
2022-05-19 20:05:610 INFO  ManageDriver :34 - Launching Chrome Browser
2022-05-19 20:05:590 INFO  ManageDriver :34 - Launching Chrome Browser
2022-05-19 20:05:465 INFO  ManageDriver :34 - Launching Chrome Browser
2022-05-19 20:05:50 INFO  ManageDriver :34 - Launching Chrome Browser
2022-05-19 20:05:45 INFO  ManageDriver :34 - Launching Chrome Browser
2022-05-19 20:05:368 INFO  ManageDriver :34 - Launching Chrome Browser
2022-05-19 20:05:555 INFO  ManageDriver :34 - Launching Chrome Browser
2022-05-19 20:05:458 INFO  ManageDriver :34 - Launching Chrome Browser
2022-05-19 20:05:490 INFO  ManageDriver :34 - Launching Chrome Browser
2022-05-19 20:05:315 INFO  ManageDriver :34 - Launching Chrome Browser
2022-05-19 21:05:397 INFO  ManageDriver :34 - Launching Chrome Browser
2022-05-19 21:05:909 INFO  ManageDriver :34 - Launching Chrome Browser
2022-05-19 21:05:107 INFO  ManageDriver :34 - Launching Chrome Browser
2022-05-19 21:05:542 INFO  ManageDriver :34 - Launching Chrome Browser
2022-05-19 21:05:702 INFO  ManageDriver :34 - Launching Chrome Browser
2022-05-19 21:05:123 INFO  ManageDriver :34 - Launching Chrome Browser
2022-05-19 21:05:82 INFO  ManageDriver :34 - Launching Chrome Browser
2022-05-19 21:05:792 INFO  ManageDriver :34 - Launching Chrome Browser
2022-05-19 21:05:682 INFO  ManageDriver :34 - Launching Chrome Browser
2022-05-20 16:05:718 INFO  ManageDriver :34 - Launching Chrome Browser
2022-05-20 16:05:130 INFO  ManageDriver :34 - Launching Chrome Browser
2022-05-20 16:05:831 INFO  ManageDriver :34 - Launching Chrome Browser
2022-05-20 16:05:452 INFO  ManageDriver :34 - Launching Chrome Browser
2022-05-20 16:05:77 INFO  ManageDriver :34 - Launching Chrome Browser
2022-05-20 16:05:809 INFO  ManageDriver :34 - Launching Chrome Browser
2022-05-20 16:05:250 INFO  ManageDriver :34 - Launching Chrome Browser
2022-05-20 16:05:478 INFO  ManageDriver :34 - Launching Chrome Browser
2022-05-20 16:05:432 INFO  ManageDriver :34 - Launching Chrome Browser
2022-05-20 16:05:394 INFO  ManageDriver :34 - Launching Chrome Browser
2022-05-20 16:05:667 INFO  ManageDriver :34 - Launching Chrome Browser
2022-05-20 16:05:264 INFO  ManageDriver :34 - Launching Chrome Browser
2022-05-20 16:05:376 INFO  ManageDriver :34 - Launching Chrome Browser
2022-05-20 16:05:994 INFO  ManageDriver :34 - Launching Chrome Browser
2022-05-20 18:05:14 INFO  ManageDriver :34 - Launching Chrome Browser
2022-05-20 18:05:144 INFO  ManageDriver :34 - Launching Chrome Browser
2022-05-20 18:05:760 INFO  ManageDriver :34 - Launching Chrome Browser
2022-05-20 18:05:486 INFO  ManageDriver :34 - Launching Chrome Browser
2022-05-20 18:05:783 INFO  ManageDriver :34 - Launching Chrome Browser
2022-05-20 18:05:861 INFO  ManageDriver :34 - Launching Chrome Browser
